Build started 22/01/2016 16:23:02.
     1>Project "C:\Users\MyUser\Documents\College Work\Asteroids\Lab1\Lab1.vcxproj" on node 2 (Build target(s)).
     1>Link:
         C:\Program Files (x86)\Microsoft Visual Studio 12.0\VC\bin\link.exe /ERRORREPORT:PROMPT /OUT:"C:\Users\MyUser\Documents\College Work\Asteroids\Release\Lab1.exe" /NOLOGO /LIBPATH:"C:\2013\SFML-2.3.2\lib" gdi32.lib winmm.lib jpeg.lib freetype.lib opengl32.lib "sfml-system-s-d.lib" "sfml-window-s-d.lib" "sfml-graphics-s-d.lib" kernel32.lib user32.lib winspool.lib comdlg32.lib advapi32.lib shell32.lib ole32.lib oleaut32.lib uuid.lib odbc32.lib odbccp32.lib kernel32.lib user32.lib gdi32.lib winspool.lib comdlg32.lib advapi32.lib shell32.lib ole32.lib oleaut32.lib uuid.lib odbc32.lib odbccp32.lib /MANIFEST /MANIFESTUAC:"level='asInvoker' uiAccess='false'" /manifest:embed /DEBUG /PDB:"C:\Users\MyUser\Documents\College Work\Asteroids\Release\Lab1.pdb" /OPT:REF /OPT:ICF /LTCG /TLBID:1 /DYNAMICBASE /NXCOMPAT /IMPLIB:"C:\Users\MyUser\Documents\College Work\Asteroids\Release\Lab1.lib" /MACHINE:X86 /SAFESEH Release\Astroids.obj
         Release\Boid.obj
         Release\Bullet.obj
         Release\Factory.obj
         Release\Flock.obj
         Release\gameObject.obj
         Release\Main.obj
         Release\Player.obj
         Release\Predator.obj
         Release\Pvector.obj
     1>Astroids.obj : error LNK2001: unresolved external symbol "__declspec(dllimport) public: bool __thiscall sf::Texture::loadFromFile(class std::basic_string<char,struct std::char_traits<char>,class std::allocator<char> > const &,class sf::Rect<int> const &)" (__imp_?loadFromFile@Texture@sf@@QAE_NABV?$basic_string@DU?$char_traits@D@std@@V?$allocator@D@2@@std@@ABV?$Rect@H@2@@Z)
     1>Astroids.obj : error LNK2001: unresolved external symbol "__declspec(dllimport) public: __thiscall sf::Texture::~Texture(void)" (__imp_??1Texture@sf@@QAE@XZ)
     1>Astroids.obj : error LNK2001: unresolved external symbol "__declspec(dllimport) public: __thiscall sf::Texture::Texture(void)" (__imp_??0Texture@sf@@QAE@XZ)
     1>Astroids.obj : error LNK2001: unresolved external symbol "__declspec(dllimport) public: void __thiscall sf::Sprite::setTexture(class sf::Texture const &,bool)" (__imp_?setTexture@Sprite@sf@@QAEXABVTexture@2@_N@Z)
     1>Boid.obj : error LNK2001: unresolved external symbol "__declspec(dllimport) public: static class sf::VideoMode __cdecl sf::VideoMode::getDesktopMode(void)" (__imp_?getDesktopMode@VideoMode@sf@@SA?AV12@XZ)
     1>Factory.obj : error LNK2001: unresolved external symbol "__declspec(dllimport) public: __thiscall sf::Texture::Texture(class sf::Texture const &)" (__imp_??0Texture@sf@@QAE@ABV01@@Z)
     1>Factory.obj : error LNK2001: unresolved external symbol "__declspec(dllimport) public: virtual __thiscall sf::Sprite::~Sprite(void)" (__imp_??1Sprite@sf@@UAE@XZ)
     1>Factory.obj : error LNK2001: unresolved external symbol "__declspec(dllimport) public: __thiscall sf::Sprite::Sprite(class sf::Sprite const &)" (__imp_??0Sprite@sf@@QAE@ABV01@@Z)
     1>gameObject.obj : error LNK2001: unresolved external symbol "__declspec(dllimport) public: float __thiscall sf::Transformable::getRotation(void)const " (__imp_?getRotation@Transformable@sf@@QBEMXZ)
     1>gameObject.obj : error LNK2001: unresolved external symbol "__declspec(dllimport) public: void __thiscall sf::Transformable::setRotation(float)" (__imp_?setRotation@Transformable@sf@@QAEXM@Z)
     1>gameObject.obj : error LNK2001: unresolved external symbol "__declspec(dllimport) public: void __thiscall sf::Transformable::setPosition(class sf::Vector2<float> const &)" (__imp_?setPosition@Transformable@sf@@QAEXABV?$Vector2@M@2@@Z)
     1>gameObject.obj : error LNK2001: unresolved external symbol "__declspec(dllimport) public: class sf::Rect<float> __thiscall sf::Sprite::getGlobalBounds(void)const " (__imp_?getGlobalBounds@Sprite@sf@@QBE?AV?$Rect@M@2@XZ)
     1>gameObject.obj : error LNK2001: unresolved external symbol "__declspec(dllimport) public: __thiscall sf::Sprite::Sprite(void)" (__imp_??0Sprite@sf@@QAE@XZ)
     1>Main.obj : error LNK2001: unresolved external symbol "__declspec(dllimport) private: virtual void __thiscall sf::Shape::draw(class sf::RenderTarget &,class sf::RenderStates)const " (__imp_?draw@Shape@sf@@EBEXAAVRenderTarget@2@VRenderStates@2@@Z)
     1>Main.obj : error LNK2001: unresolved external symbol "__declspec(dllimport) public: void __thiscall sf::Shape::setOutlineThickness(float)" (__imp_?setOutlineThickness@Shape@sf@@QAEXM@Z)
     1>Main.obj : error LNK2001: unresolved external symbol "__declspec(dllimport) public: void __thiscall sf::Shape::setOutlineColor(class sf::Color const &)" (__imp_?setOutlineColor@Shape@sf@@QAEXABVColor@2@@Z)
     1>Main.obj : error LNK2001: unresolved external symbol "__declspec(dllimport) public: void __thiscall sf::Shape::setFillColor(class sf::Color const &)" (__imp_?setFillColor@Shape@sf@@QAEXABVColor@2@@Z)
     1>Main.obj : error LNK2001: unresolved external symbol "__declspec(dllimport) public: virtual __thiscall sf::RenderWindow::~RenderWindow(void)" (__imp_??1RenderWindow@sf@@UAE@XZ)
     1>Main.obj : error LNK2001: unresolved external symbol "__declspec(dllimport) public: __thiscall sf::RenderWindow::RenderWindow(class sf::VideoMode,class sf::String const &,unsigned int,struct sf::ContextSettings const &)" (__imp_??0RenderWindow@sf@@QAE@VVideoMode@1@ABVString@1@IABUContextSettings@1@@Z)
     1>Main.obj : error LNK2001: unresolved external symbol "__declspec(dllimport) public: void __thiscall sf::View::zoom(float)" (__imp_?zoom@View@sf@@QAEXM@Z)
     1>Main.obj : error LNK2001: unresolved external symbol "__declspec(dllimport) public: class sf::Vector2<float> const & __thiscall sf::View::getCenter(void)const " (__imp_?getCenter@View@sf@@QBEABV?$Vector2@M@2@XZ)
     1>Main.obj : error LNK2001: unresolved external symbol "__declspec(dllimport) public: void __thiscall sf::View::setViewport(class sf::Rect<float> const &)" (__imp_?setViewport@View@sf@@QAEXABV?$Rect@M@2@@Z)
     1>Main.obj : error LNK2001: unresolved external symbol "__declspec(dllimport) public: void __thiscall sf::View::setCenter(class sf::Vector2<float> const &)" (__imp_?setCenter@View@sf@@QAEXABV?$Vector2@M@2@@Z)
     1>Main.obj : error LNK2001: unresolved external symbol "__declspec(dllimport) public: class sf::Vector2<float> const & __thiscall sf::Transformable::getPosition(void)const " (__imp_?getPosition@Transformable@sf@@QBEABV?$Vector2@M@2@XZ)
     1>Main.obj : error LNK2001: unresolved external symbol "__declspec(dllimport) public: void __thiscall sf::Transformable::setOrigin(class sf::Vector2<float> const &)" (__imp_?setOrigin@Transformable@sf@@QAEXABV?$Vector2@M@2@@Z)
     1>Main.obj : error LNK2001: unresolved external symbol "__declspec(dllimport) public: void __thiscall sf::Transformable::setScale(float,float)" (__imp_?setScale@Transformable@sf@@QAEXMM@Z)
     1>Main.obj : error LNK2001: unresolved external symbol "__declspec(dllimport) public: void __thiscall sf::Transformable::setPosition(float,float)" (__imp_?setPosition@Transformable@sf@@QAEXMM@Z)
     1>Main.obj : error LNK2001: unresolved external symbol "__declspec(dllimport) public: void __thiscall sf::Window::display(void)" (__imp_?display@Window@sf@@QAEXXZ)
     1>Main.obj : error LNK2001: unresolved external symbol "__declspec(dllimport) public: bool __thiscall sf::Window::pollEvent(class sf::Event &)" (__imp_?pollEvent@Window@sf@@QAE_NAAVEvent@2@@Z)
     1>Main.obj : error LNK2001: unresolved external symbol "__declspec(dllimport) public: bool __thiscall sf::Window::isOpen(void)const " (__imp_?isOpen@Window@sf@@QBE_NXZ)
     1>Main.obj : error LNK2001: unresolved external symbol "__declspec(dllimport) public: void __thiscall sf::Window::close(void)" (__imp_?close@Window@sf@@QAEXXZ)
     1>Main.obj : error LNK2001: unresolved external symbol "__declspec(dllimport) public: static class sf::RenderStates const sf::RenderStates::Default" (__imp_?Default@RenderStates@sf@@2V12@B)
     1>Main.obj : error LNK2001: unresolved external symbol "__declspec(dllimport) public: __thiscall sf::String::String(char const *,class std::locale const &)" (__imp_??0String@sf@@QAE@PBDABVlocale@std@@@Z)
     1>Main.obj : error LNK2001: unresolved external symbol "__declspec(dllimport) public: __thiscall sf::Vertex::Vertex(class sf::Vector2<float> const &)" (__imp_??0Vertex@sf@@QAE@ABV?$Vector2@M@1@@Z)
     1>Main.obj : error LNK2001: unresolved external symbol "__declspec(dllimport) public: virtual class sf::Vector2<float> __thiscall sf::CircleShape::getPoint(unsigned int)const " (__imp_?getPoint@CircleShape@sf@@UBE?AV?$Vector2@M@2@I@Z)
     1>Main.obj : error LNK2001: unresolved external symbol "__declspec(dllimport) public: virtual unsigned int __thiscall sf::CircleShape::getPointCount(void)const " (__imp_?getPointCount@CircleShape@sf@@UBEIXZ)
     1>Main.obj : error LNK2001: unresolved external symbol "__declspec(dllimport) public: void __thiscall sf::CircleShape::setRadius(float)" (__imp_?setRadius@CircleShape@sf@@QAEXM@Z)
     1>Main.obj : error LNK2001: unresolved external symbol "__declspec(dllimport) public: __thiscall sf::CircleShape::CircleShape(float,unsigned int)" (__imp_??0CircleShape@sf@@QAE@MI@Z)
     1>Main.obj : error LNK2001: unresolved external symbol "__declspec(dllimport) public: float __thiscall sf::Time::asSeconds(void)const " (__imp_?asSeconds@Time@sf@@QBEMXZ)
     1>Main.obj : error LNK2001: unresolved external symbol "__declspec(dllimport) public: class sf::Rect<float> __thiscall sf::Sprite::getLocalBounds(void)const " (__imp_?getLocalBounds@Sprite@sf@@QBE?AV?$Rect@M@2@XZ)
     1>Main.obj : error LNK2001: unresolved external symbol "__declspec(dllimport) public: class sf::Time __thiscall sf::Clock::restart(void)" (__imp_?restart@Clock@sf@@QAE?AVTime@2@XZ)
     1>Main.obj : error LNK2001: unresolved external symbol "__declspec(dllimport) public: __thiscall sf::Clock::Clock(void)" (__imp_??0Clock@sf@@QAE@XZ)
     1>Main.obj : error LNK2001: unresolved external symbol "__declspec(dllimport) public: __thiscall sf::VideoMode::VideoMode(unsigned int,unsigned int,unsigned int)" (__imp_??0VideoMode@sf@@QAE@III@Z)
     1>Main.obj : error LNK2001: unresolved external symbol "__declspec(dllimport) public: void __thiscall sf::RenderTarget::draw(class sf::Drawable const &,class sf::RenderStates const &)" (__imp_?draw@RenderTarget@sf@@QAEXABVDrawable@2@ABVRenderStates@2@@Z)
     1>Main.obj : error LNK2001: unresolved external symbol "__declspec(dllimport) public: void __thiscall sf::RenderTarget::draw(class sf::Vertex const *,unsigned int,enum sf::PrimitiveType,class sf::RenderStates const &)" (__imp_?draw@RenderTarget@sf@@QAEXPBVVertex@2@IW4PrimitiveType@2@ABVRenderStates@2@@Z)
     1>Main.obj : error LNK2001: unresolved external symbol "__declspec(dllimport) public: class sf::View const & __thiscall sf::RenderTarget::getView(void)const " (__imp_?getView@RenderTarget@sf@@QBEABVView@2@XZ)
     1>Main.obj : error LNK2001: unresolved external symbol "__declspec(dllimport) public: void __thiscall sf::RenderTarget::setView(class sf::View const &)" (__imp_?setView@RenderTarget@sf@@QAEXABVView@2@@Z)
     1>Main.obj : error LNK2001: unresolved external symbol "__declspec(dllimport) public: void __thiscall sf::RenderTarget::clear(class sf::Color const &)" (__imp_?clear@RenderTarget@sf@@QAEXABVColor@2@@Z)
     1>Main.obj : error LNK2001: unresolved external symbol "__declspec(dllimport) public: __thiscall sf::Color::Color(unsigned char,unsigned char,unsigned char,unsigned char)" (__imp_??0Color@sf@@QAE@EEEE@Z)
     1>Main.obj : error LNK2001: unresolved external symbol "__declspec(dllimport) public: __thiscall sf::CircleShape::CircleShape(class sf::CircleShape const &)" (__imp_??0CircleShape@sf@@QAE@ABV01@@Z)
     1>Main.obj : error LNK2001: unresolved external symbol "__declspec(dllimport) public: virtual __thiscall sf::CircleShape::~CircleShape(void)" (__imp_??1CircleShape@sf@@UAE@XZ)
     1>Main.obj : error LNK2001: unresolved external symbol "__declspec(dllimport) public: __thiscall sf::String::~String(void)" (__imp_??1String@sf@@QAE@XZ)
     1>Player.obj : error LNK2001: unresolved external symbol "__declspec(dllimport) public: void __thiscall sf::Transformable::setOrigin(float,float)" (__imp_?setOrigin@Transformable@sf@@QAEXMM@Z)
     1>Player.obj : error LNK2001: unresolved external symbol "__declspec(dllimport) public: static bool __cdecl sf::Keyboard::isKeyPressed(enum sf::Keyboard::Key)" (__imp_?isKeyPressed@Keyboard@sf@@SA_NW4Key@12@@Z)
     1>C:\Users\MyUser\Documents\College Work\Asteroids\Release\Lab1.exe : fatal error LNK1120: 54 unresolved externals
     1>Done Building Project "C:\Users\MyUser\Documents\College Work\Asteroids\Lab1\Lab1.vcxproj" (Build target(s)) -- FAILED.

Build FAILED.

Time Elapsed 00:00:00.54
