c:\users\chunkylover\desktop\asteroids\lab1\debug\vc120.pdb
c:\users\chunkylover\desktop\asteroids\lab1\debug\vc120.idb
c:\users\chunkylover\desktop\asteroids\lab1\debug\boid.obj
c:\users\chunkylover\desktop\asteroids\lab1\debug\factory.obj
c:\users\chunkylover\desktop\asteroids\lab1\debug\gameobject.obj
c:\users\chunkylover\desktop\asteroids\lab1\debug\main.obj
c:\users\chunkylover\desktop\asteroids\lab1\debug\player.obj
c:\users\chunkylover\desktop\asteroids\lab1\debug\predator.obj
c:\users\chunkylover\desktop\asteroids\lab1\debug\pvector.obj
c:\users\chunkylover\desktop\asteroids\debug\lab1.pdb
c:\users\chunkylover\desktop\asteroids\lab1\debug\lab1.tlog\cl.command.1.tlog
c:\users\chunkylover\desktop\asteroids\lab1\debug\lab1.tlog\cl.read.1.tlog
c:\users\chunkylover\desktop\asteroids\lab1\debug\lab1.tlog\cl.write.1.tlog
c:\users\chunkylover\desktop\asteroids\lab1\debug\lab1.tlog\link-cvtres.read.1.tlog
c:\users\chunkylover\desktop\asteroids\lab1\debug\lab1.tlog\link-cvtres.write.1.tlog
c:\users\chunkylover\desktop\asteroids\lab1\debug\lab1.tlog\link-rc.read.1.tlog
c:\users\chunkylover\desktop\asteroids\lab1\debug\lab1.tlog\link-rc.write.1.tlog
c:\users\chunkylover\desktop\asteroids\lab1\debug\lab1.tlog\link.5968-cvtres.read.1.tlog
c:\users\chunkylover\desktop\asteroids\lab1\debug\lab1.tlog\link.5968-cvtres.write.1.tlog
c:\users\chunkylover\desktop\asteroids\lab1\debug\lab1.tlog\link.5968-rc.read.1.tlog
c:\users\chunkylover\desktop\asteroids\lab1\debug\lab1.tlog\link.5968-rc.write.1.tlog
c:\users\chunkylover\desktop\asteroids\lab1\debug\lab1.tlog\link.5968.read.1.tlog
c:\users\chunkylover\desktop\asteroids\lab1\debug\lab1.tlog\link.5968.write.1.tlog
c:\users\chunkylover\desktop\asteroids\lab1\debug\lab1.tlog\link.command.1.tlog
c:\users\chunkylover\desktop\asteroids\lab1\debug\lab1.tlog\link.read.1.tlog
c:\users\chunkylover\desktop\asteroids\lab1\debug\lab1.tlog\link.write.1.tlog
